This is pdfeTeX, Version 3.141592-1.21a-2.2 (Web2C 7.5.4) (format=pdflatex 2008.5.11)  29 NOV 2008 11:11
entering extended mode
**homework01.tex
(./homework01.tex
LaTeX2e <2003/12/01>
Babel <v3.8d> and hyphenation patterns for american, french, german, ngerman, b
ahasa, basque, bulgarian, catalan, croatian, czech, danish, dutch, esperanto, e
stonian, finnish, greek, icelandic, irish, italian, latin, magyar, norsk, polis
h, portuges, romanian, russian, serbian, slovak, slovene, spanish, swedish, tur
kish, ukrainian, nohyphenation, loaded.
(/usr/share/texmf/tex/latex/base/article.cls
Document Class: article 2004/02/16 v1.4f Standard LaTeX document class
(/usr/share/texmf/tex/latex/base/size12.clo
File: size12.clo 2004/02/16 v1.4f Standard LaTeX file (size option)
)
\c@part=\count79
\c@section=\count80
\c@subsection=\count81
\c@subsubsection=\count82
\c@paragraph=\count83
\c@subparagraph=\count84
\c@figure=\count85
\c@table=\count86
\abovecaptionskip=\skip41
\belowcaptionskip=\skip42
\bibindent=\dimen102
)
(/usr/share/texmf/tex/latex/preprint/fullpage.sty
Package: fullpage 1999/02/23 1.1 (PWD)
\FP@margin=\skip43
)
(/usr/share/texmf/tex/latex/carlisle/nopageno.sty
Package: nopageno 1989/01/01 no page numbers (DPC)
)
(/usr/share/texmf/tex/latex/amscls/amsthm.sty
Package: amsthm 2004/08/06 v2.20
\thm@style=\toks14
\thm@bodyfont=\toks15
\thm@headfont=\toks16
\thm@notefont=\toks17
\thm@headpunct=\toks18
\thm@preskip=\skip44
\thm@postskip=\skip45
\thm@headsep=\skip46
\dth@everypar=\toks19
)
(/usr/share/texmf/tex/latex/amsmath/amsmath.sty
Package: amsmath 2000/07/18 v2.13 AMS math features
\@mathmargin=\skip47

For additional information on amsmath, use the `?' option.
(/usr/share/texmf/tex/latex/amsmath/amstext.sty
Package: amstext 2000/06/29 v2.01

(/usr/share/texmf/tex/latex/amsmath/amsgen.sty
File: amsgen.sty 1999/11/30 v2.0
\@emptytoks=\toks20
\ex@=\dimen103
))
(/usr/share/texmf/tex/latex/amsmath/amsbsy.sty
Package: amsbsy 1999/11/29 v1.2d
\pmbraise@=\dimen104
)
(/usr/share/texmf/tex/latex/amsmath/amsopn.sty
Package: amsopn 1999/12/14 v2.01 operator names
)
\inf@bad=\count87
LaTeX Info: Redefining \frac on input line 211.
\uproot@=\count88
\leftroot@=\count89
LaTeX Info: Redefining \overline on input line 307.
\classnum@=\count90
\DOTSCASE@=\count91
LaTeX Info: Redefining \ldots on input line 379.
LaTeX Info: Redefining \dots on input line 382.
LaTeX Info: Redefining \cdots on input line 467.
\Mathstrutbox@=\box26
\strutbox@=\box27
\big@size=\dimen105
LaTeX Font Info:    Redeclaring font encoding OML on input line 567.
LaTeX Font Info:    Redeclaring font encoding OMS on input line 568.
\macc@depth=\count92
\c@MaxMatrixCols=\count93
\dotsspace@=\muskip10
\c@parentequation=\count94
\dspbrk@lvl=\count95
\tag@help=\toks21
\row@=\count96
\column@=\count97
\maxfields@=\count98
\andhelp@=\toks22
\eqnshift@=\dimen106
\alignsep@=\dimen107
\tagshift@=\dimen108
\tagwidth@=\dimen109
\totwidth@=\dimen110
\lineht@=\dimen111
\@envbody=\toks23
\multlinegap=\skip48
\multlinetaggap=\skip49
\mathdisplay@stack=\toks24
LaTeX Info: Redefining \[ on input line 2666.
LaTeX Info: Redefining \] on input line 2667.
)
(/usr/share/texmf/tex/latex/amsfonts/amssymb.sty
Package: amssymb 2002/01/22 v2.2d

(/usr/share/texmf/tex/latex/amsfonts/amsfonts.sty
Package: amsfonts 2001/10/25 v2.2f
\symAMSa=\mathgroup4
\symAMSb=\mathgroup5
LaTeX Font Info:    Overwriting math alphabet `\mathfrak' in version `bold'
(Font)                  U/euf/m/n --> U/euf/b/n on input line 132.
))
(/aa/fowler/texmf/tex/latex/add-copyright/add-copyright.sty
(/usr/share/texmf/tex/latex/graphics/graphicx.sty
Package: graphicx 1999/02/16 v1.0f Enhanced LaTeX Graphics (DPC,SPQR)

(/usr/share/texmf/tex/latex/graphics/keyval.sty
Package: keyval 1999/03/16 v1.13 key=value parser (DPC)
\KV@toks@=\toks25
)
(/usr/share/texmf/tex/latex/graphics/graphics.sty
Package: graphics 2001/07/07 v1.0n Standard LaTeX Graphics (DPC,SPQR)

(/usr/share/texmf/tex/latex/graphics/trig.sty
Package: trig 1999/03/16 v1.09 sin cos tan (DPC)
)
(/usr/share/texmf/tex/latex/graphics/graphics.cfg
File: graphics.cfg 2005/02/03 v1.3 graphics configuration of teTeX/TeXLive
)
Package graphics Info: Driver file: pdftex.def on input line 80.

(/usr/share/texmf/tex/latex/graphics/pdftex.def
File: pdftex.def 2002/06/19 v0.03k graphics/color for pdftex
\Gread@gobject=\count99
))
\Gin@req@height=\dimen112
\Gin@req@width=\dimen113
)
(/usr/share/texmf/tex/latex/eso-pic/eso-pic.sty
Package: eso-pic 2002/11/16 v1.1b eso-pic (RN)

(/usr/share/texmf/tex/latex/ms/everyshi.sty
Package: everyshi 2001/05/15 v3.00 EveryShipout Package (MS)
))
(/aa/fowler/texmf/tex/latex/xmpinc/xmpincl.sty
Package: xmpincl 2005/02/15 v2.1 Include XMP data in pdflatex

(/usr/share/texmf/tex/latex/oberdiek/ifpdf.sty
Package: ifpdf 2001/06/14 v1.0 Providing \ifpdf (HO)
Package ifpdf Info: pdfTeX in pdf mode detected on input line 140.
)
(/usr/share/texmf/tex/latex/base/ifthen.sty
Package: ifthen 2001/05/26 v1.1c Standard LaTeX ifthen package (DPC)
))
\xmpinclWrite=\write3
\xmpinclRead=\read1
\openout3 = `metadata.xmpi'.

<<metadata.xmpi>>)
(./homework01.aux)
\openout1 = `homework01.aux'.

LaTeX Font Info:    Checking defaults for OML/cmm/m/it on input line 14.
LaTeX Font Info:    ... okay on input line 14.
LaTeX Font Info:    Checking defaults for T1/cmr/m/n on input line 14.
LaTeX Font Info:    ... okay on input line 14.
LaTeX Font Info:    Checking defaults for OT1/cmr/m/n on input line 14.
LaTeX Font Info:    ... okay on input line 14.
LaTeX Font Info:    Checking defaults for OMS/cmsy/m/n on input line 14.
LaTeX Font Info:    ... okay on input line 14.
LaTeX Font Info:    Checking defaults for OMX/cmex/m/n on input line 14.
LaTeX Font Info:    ... okay on input line 14.
LaTeX Font Info:    Checking defaults for U/cmr/m/n on input line 14.
LaTeX Font Info:    ... okay on input line 14.
 (/usr/share/texmf/tex/context/base/supp-pdf.tex
(/usr/share/texmf/tex/context/base/supp-mis.tex
loading : Context Support Macros / Miscellaneous (2004.10.26)
\protectiondepth=\count100
\scratchcounter=\count101
\scratchtoks=\toks26
\scratchdimen=\dimen114
\scratchskip=\skip50
\scratchmuskip=\muskip11
\scratchbox=\box28
\scratchread=\read2
\scratchwrite=\write4
\zeropoint=\dimen115
\onepoint=\dimen116
\onebasepoint=\dimen117
\minusone=\count102
\thousandpoint=\dimen118
\onerealpoint=\dimen119
\emptytoks=\toks27
\nextbox=\box29
\nextdepth=\dimen120
\everyline=\toks28
\!!counta=\count103
\!!countb=\count104
\recursecounter=\count105
)
loading : Context Support Macros / PDF (2004.03.26)
\nofMPsegments=\count106
\nofMParguments=\count107
\MPscratchCnt=\count108
\MPscratchDim=\dimen121
\MPnumerator=\count109
\everyMPtoPDFconversion=\toks29
) ABD: EveryShipout initializing macros
(/usr/share/texmf/tex/latex/graphics/color.sty
Package: color 1999/02/16 v1.0i Standard LaTeX Color (DPC)
LaTeX Info: Redefining \color on input line 71.

(/usr/share/texmf/tex/latex/graphics/color.cfg
File: color.cfg 2005/02/03 v1.3 color configuration of teTeX/TeXLive
)
Package color Info: Driver file: pdftex.def on input line 125.
)
LaTeX Font Info:    Try loading font information for U+msa on input line 15.

(/usr/share/texmf/tex/latex/amsfonts/umsa.fd
File: umsa.fd 2002/01/19 v2.2g AMS font definitions
)
LaTeX Font Info:    Try loading font information for U+msb on input line 15.

(/usr/share/texmf/tex/latex/amsfonts/umsb.fd
File: umsb.fd 2002/01/19 v2.2g AMS font definitions
)

LaTeX Warning: No \author given.

<copyright.pdf, id=2, 614.295pt x 794.97pt>
File: copyright.pdf Graphic file (type pdf)
 <use copyright.pdf> [1

{/usr/share/texmf-var/fonts/map/pdftex/updmap/pdftex.map} </aa/fowler/texmf/tex
/latex/add-copyright/copyright.pdf>] (./homework01.aux) ) 
Here is how much of TeX's memory you used:
 2103 strings out of 94499
 25142 string characters out of 1176709
 76563 words of memory out of 1000000
 5238 multiletter control sequences out of 10000+50000
 11967 words of font info for 47 fonts, out of 500000 for 2000
 580 hyphenation exceptions out of 1000
 32i,11n,24p,226b,212s stack positions out of 1500i,500n,5000p,200000b,5000s
PDF statistics:
 49 PDF objects out of 300000
 0 named destinations out of 131072
 10 words of extra memory for PDF output out of 65536
</usr/share/texmf/font
s/type1/bluesky/cm/cmtt8.pfb></usr/share/texmf/fonts/type1/bluesky/cm/cmsy8.pfb
></usr/share/texmf/fonts/type1/bluesky/cm/cmss8.pfb></usr/share/texmf/fonts/typ
e1/bluesky/cm/cmr8.pfb></usr/share/texmf/fonts/type1/bluesky/symbols/msbm10.pfb
></usr/share/texmf/fonts/type1/bluesky/cm/cmsy10.pfb></usr/share/texmf/fonts/ty
pe1/bluesky/cm/cmmi12.pfb></usr/share/texmf/fonts/type1/bluesky/cm/cmbx12.pfb><
/usr/share/texmf/fonts/type1/bluesky/cm/cmr12.pfb></usr/share/texmf/fonts/type1
/bluesky/cm/cmr17.pfb>
Output written on homework01.pdf (1 page, 48399 bytes).
