This is pdfeTeX, Version 3.141592-1.21a-2.2 (Web2C 7.5.4) (format=pdflatex 2008.5.11)  29 NOV 2008 18:42
entering extended mode
**infinite-bridge.tex
(./infinite-bridge.tex
LaTeX2e <2003/12/01>
Babel <v3.8d> and hyphenation patterns for american, french, german, ngerman, b
ahasa, basque, bulgarian, catalan, croatian, czech, danish, dutch, esperanto, e
stonian, finnish, greek, icelandic, irish, italian, latin, magyar, norsk, polis
h, portuges, romanian, russian, serbian, slovak, slovene, spanish, swedish, tur
kish, ukrainian, nohyphenation, loaded.
(/usr/share/texmf/tex/latex/base/article.cls
Document Class: article 2004/02/16 v1.4f Standard LaTeX document class
(/usr/share/texmf/tex/latex/base/size12.clo
File: size12.clo 2004/02/16 v1.4f Standard LaTeX file (size option)
)
\c@part=\count79
\c@section=\count80
\c@subsection=\count81
\c@subsubsection=\count82
\c@paragraph=\count83
\c@subparagraph=\count84
\c@figure=\count85
\c@table=\count86
\abovecaptionskip=\skip41
\belowcaptionskip=\skip42
\bibindent=\dimen102
)
(/usr/share/texmf/tex/latex/preprint/fullpage.sty
Package: fullpage 1999/02/23 1.1 (PWD)
\FP@margin=\skip43
)
(/usr/share/texmf/tex/latex/carlisle/nopageno.sty
Package: nopageno 1989/01/01 no page numbers (DPC)
)
(/usr/share/texmf/tex/latex/pgf/pgf.sty
Package: pgf 2004/10/08 ver 0.65
\pgf@objectcount=\count87

(/usr/share/texmf/tex/latex/graphics/graphicx.sty
Package: graphicx 1999/02/16 v1.0f Enhanced LaTeX Graphics (DPC,SPQR)

(/usr/share/texmf/tex/latex/graphics/keyval.sty
Package: keyval 1999/03/16 v1.13 key=value parser (DPC)
\KV@toks@=\toks14
)
(/usr/share/texmf/tex/latex/graphics/graphics.sty
Package: graphics 2001/07/07 v1.0n Standard LaTeX Graphics (DPC,SPQR)

(/usr/share/texmf/tex/latex/graphics/trig.sty
Package: trig 1999/03/16 v1.09 sin cos tan (DPC)
)
(/usr/share/texmf/tex/latex/graphics/graphics.cfg
File: graphics.cfg 2005/02/03 v1.3 graphics configuration of teTeX/TeXLive
)
Package graphics Info: Driver file: pdftex.def on input line 80.

(/usr/share/texmf/tex/latex/graphics/pdftex.def
File: pdftex.def 2002/06/19 v0.03k graphics/color for pdftex
\Gread@gobject=\count88
))
\Gin@req@height=\dimen103
\Gin@req@width=\dimen104
)
(/usr/share/texmf/tex/latex/xcolor/xcolor.sty
Package: xcolor 2004/07/04 v2.00 LaTeX color extensions (UK)

(/usr/share/texmf/tex/latex/graphics/color.cfg
File: color.cfg 2005/02/03 v1.3 color configuration of teTeX/TeXLive
)
Package xcolor Info: Driver file: pdftex.def on input line 136.
Package xcolor Info: Color model `cmy' added on input line 972.
Package xcolor Info: Color model `hsb' added on input line 980.
Package xcolor Info: Color model `HTML' added on input line 1000.
Package xcolor Info: Color model `HSB' added on input line 1006.
Package xcolor Info: Color model `Gray' added on input line 1012.
)
\pgfex=\dimen105
\pgfem=\dimen106
\pgf@linewidth=\dimen107
\pgfpic=\box26
\pgf@hbox=\box27
\pgf@tempbox=\box28
\pgf@aax=\dimen108
\pgf@aay=\dimen109
\pgf@abx=\dimen110
\pgf@aby=\dimen111
\pgf@bax=\dimen112
\pgf@bay=\dimen113
\pgf@bbx=\dimen114
\pgf@bby=\dimen115
\pgf@tempdim=\dimen116
\pgf@x=\dimen117
\pgf@y=\dimen118
\pgf@xa=\dimen119
\pgf@ya=\dimen120
\pgf@xb=\dimen121
\pgf@yb=\dimen122
\pgf@xc=\dimen123
\pgf@yc=\dimen124
\pgfobjectbox=\box29
\pgf@xx=\dimen125
\pgf@xy=\dimen126
\pgf@yx=\dimen127
\pgf@yy=\dimen128
\pgf@zx=\dimen129
\pgf@zy=\dimen130
\pgf@counta=\count89
\pgf@countb=\count90
)
(/usr/share/texmf/tex/latex/geometry/geometry.sty
Package: geometry 2002/07/08 v3.2 Page Geometry
\Gm@cnth=\count91
\Gm@cntv=\count92
\c@Gm@tempcnt=\count93
\Gm@bindingoffset=\dimen131
\Gm@wd@mp=\dimen132
\Gm@odd@mp=\dimen133
\Gm@even@mp=\dimen134
\Gm@dimlist=\toks15

(/usr/share/texmf/tex/latex/geometry/geometry.cfg))
(/aa/fowler/texmf/tex/latex/add-copyright/add-copyright.sty
(/usr/share/texmf/tex/latex/eso-pic/eso-pic.sty
Package: eso-pic 2002/11/16 v1.1b eso-pic (RN)

(/usr/share/texmf/tex/latex/ms/everyshi.sty
Package: everyshi 2001/05/15 v3.00 EveryShipout Package (MS)
))
(/aa/fowler/texmf/tex/latex/xmpinc/xmpincl.sty
Package: xmpincl 2005/02/15 v2.1 Include XMP data in pdflatex

(/usr/share/texmf/tex/latex/oberdiek/ifpdf.sty
Package: ifpdf 2001/06/14 v1.0 Providing \ifpdf (HO)
Package ifpdf Info: pdfTeX in pdf mode detected on input line 140.
)
(/usr/share/texmf/tex/latex/base/ifthen.sty
Package: ifthen 2001/05/26 v1.1c Standard LaTeX ifthen package (DPC)
))
\xmpinclWrite=\write3
\xmpinclRead=\read1
\openout3 = `metadata.xmpi'.

<<metadata.xmpi>>)
(./infinite-bridge.aux)
\openout1 = `infinite-bridge.aux'.

LaTeX Font Info:    Checking defaults for OML/cmm/m/it on input line 12.
LaTeX Font Info:    ... okay on input line 12.
LaTeX Font Info:    Checking defaults for T1/cmr/m/n on input line 12.
LaTeX Font Info:    ... okay on input line 12.
LaTeX Font Info:    Checking defaults for OT1/cmr/m/n on input line 12.
LaTeX Font Info:    ... okay on input line 12.
LaTeX Font Info:    Checking defaults for OMS/cmsy/m/n on input line 12.
LaTeX Font Info:    ... okay on input line 12.
LaTeX Font Info:    Checking defaults for OMX/cmex/m/n on input line 12.
LaTeX Font Info:    ... okay on input line 12.
LaTeX Font Info:    Checking defaults for U/cmr/m/n on input line 12.
LaTeX Font Info:    ... okay on input line 12.
 (/usr/share/texmf/tex/context/base/supp-pdf.tex
(/usr/share/texmf/tex/context/base/supp-mis.tex
loading : Context Support Macros / Miscellaneous (2004.10.26)
\protectiondepth=\count94
\scratchcounter=\count95
\scratchtoks=\toks16
\scratchdimen=\dimen135
\scratchskip=\skip44
\scratchmuskip=\muskip10
\scratchbox=\box30
\scratchread=\read2
\scratchwrite=\write4
\zeropoint=\dimen136
\onepoint=\dimen137
\onebasepoint=\dimen138
\minusone=\count96
\thousandpoint=\dimen139
\onerealpoint=\dimen140
\emptytoks=\toks17
\nextbox=\box31
\nextdepth=\dimen141
\everyline=\toks18
\!!counta=\count97
\!!countb=\count98
\recursecounter=\count99
)
loading : Context Support Macros / PDF (2004.03.26)
\nofMPsegments=\count100
\nofMParguments=\count101
\MPscratchCnt=\count102
\MPscratchDim=\dimen142
\MPnumerator=\count103
\everyMPtoPDFconversion=\toks19
)
-------------------- Geometry parameters
paper: class default
landscape: --
twocolumn: --
twoside: --
asymmetric: --
h-parts: 28.45274pt, 557.38951pt, 28.45274pt
v-parts: 28.45274pt, 738.0645pt, 28.45274pt
hmarginratio: --
vmarginratio: --
lines: --
heightrounded: --
bindingoffset: 0.0pt
truedimen: --
includehead: --
includefoot: --
includemp: --
driver: pdftex
-------------------- Page layout dimensions and switches
\paperwidth  614.295pt
\paperheight 794.96999pt
\textwidth  557.38951pt
\textheight 738.0645pt
\oddsidemargin  -43.81725pt
\evensidemargin -43.81725pt
\topmargin  -43.81725pt
\headheight 0.0pt
\headsep    0.0pt
\footskip   30.0pt
\marginparwidth 44.0pt
\marginparsep   10.0pt
\columnsep  10.0pt
\skip\footins  10.8pt plus 4.0pt minus 2.0pt
\hoffset 0.0pt
\voffset 0.0pt
\mag 1000

(1in=72.27pt, 1cm=28.45pt)
-----------------------
 ABD: EveryShipout initializing macros
Overfull \hbox (22.10992pt too wide) in paragraph at lines 24--615
[] [] [] [] []
 []


Overfull \hbox (22.10992pt too wide) in paragraph at lines 24--615
[] [] [] [] []
 []


Overfull \hbox (22.10992pt too wide) in paragraph at lines 24--615
[] [] [] [] []
 []


Overfull \hbox (22.10992pt too wide) in paragraph at lines 24--615
[] [] [] [] []
 []


Overfull \hbox (22.10992pt too wide) in paragraph at lines 24--615
[] [] [] [] []
 []


Overfull \hbox (22.10992pt too wide) in paragraph at lines 24--615
[] [] [] [] []
 []


Overfull \hbox (22.10992pt too wide) in paragraph at lines 24--615
[] [] [] [] []
 []


Overfull \hbox (22.10992pt too wide) in paragraph at lines 24--615
[] [] [] [] []
 []


Overfull \hbox (22.10992pt too wide) in paragraph at lines 24--615
[] [] [] [] []
 []


Overfull \hbox (22.10992pt too wide) in paragraph at lines 24--615
[] [] [] [] []
 []


Overfull \hbox (22.10992pt too wide) in paragraph at lines 24--615
[] [] [] [] []
 []


Overfull \hbox (22.10992pt too wide) in paragraph at lines 24--615
[] [] [] [] [] 
 []

<copyright.pdf, id=2, 614.295pt x 794.97pt>
File: copyright.pdf Graphic file (type pdf)
 <use copyright.pdf> [1

{/usr/share/texmf-var/fonts/map/pdftex/updmap/pdftex.map} </aa/fowler/texmf/tex
/latex/add-copyright/copyright.pdf>]
File: copyright.pdf Graphic file (type pdf)
 <use copyright.pdf> [2]
File: copyright.pdf Graphic file (type pdf)
 <use copyright.pdf> [3]
File: copyright.pdf Graphic file (type pdf)

<use copyright.pdf> [4] (./infinite-bridge.aux) ) 
Here is how much of TeX's memory you used:
 2303 strings out of 94499
 28946 string characters out of 1176709
 91692 words of memory out of 1000000
 5473 multiletter control sequences out of 10000+50000
 6174 words of font info for 23 fonts, out of 500000 for 2000
 580 hyphenation exceptions out of 1000
 32i,11n,40p,249b,206s stack positions out of 1500i,500n,5000p,200000b,5000s
PDF statistics:
 43 PDF objects out of 300000
 0 named destinations out of 131072
 10 words of extra memory for PDF output out of 65536
</usr/share/texmf/fonts/type1/
bluesky/cm/cmtt8.pfb></usr/share/texmf/fonts/type1/bluesky/cm/cmsy8.pfb></usr/s
hare/texmf/fonts/type1/bluesky/cm/cmss8.pfb></usr/share/texmf/fonts/type1/blues
ky/cm/cmss17.pfb></usr/share/texmf/fonts/type1/bluesky/cm/cmssbx10.pfb>
Output written on infinite-bridge.pdf (4 pages, 29898 bytes).
