This is pdfeTeX, Version 3.141592-1.21a-2.2 (Web2C 7.5.4) (format=pdflatex 2008.5.11)  29 NOV 2008 10:33
entering extended mode
**syllabus.tex
(./syllabus.tex
LaTeX2e <2003/12/01>
Babel <v3.8d> and hyphenation patterns for american, french, german, ngerman, b
ahasa, basque, bulgarian, catalan, croatian, czech, danish, dutch, esperanto, e
stonian, finnish, greek, icelandic, irish, italian, latin, magyar, norsk, polis
h, portuges, romanian, russian, serbian, slovak, slovene, spanish, swedish, tur
kish, ukrainian, nohyphenation, loaded.
(/usr/share/texmf/tex/latex/base/article.cls
Document Class: article 2004/02/16 v1.4f Standard LaTeX document class
(/usr/share/texmf/tex/latex/base/size12.clo
File: size12.clo 2004/02/16 v1.4f Standard LaTeX file (size option)
)
\c@part=\count79
\c@section=\count80
\c@subsection=\count81
\c@subsubsection=\count82
\c@paragraph=\count83
\c@subparagraph=\count84
\c@figure=\count85
\c@table=\count86
\abovecaptionskip=\skip41
\belowcaptionskip=\skip42
\bibindent=\dimen102
)
(/usr/share/texmf/tex/latex/tools/multicol.sty
Package: multicol 2004/02/14 v1.6e multicolumn formatting (FMi)
\c@tracingmulticols=\count87
\mult@box=\box26
\multicol@leftmargin=\dimen103
\c@unbalance=\count88
\c@collectmore=\count89
\doublecol@number=\count90
\multicoltolerance=\count91
\multicolpretolerance=\count92
\full@width=\dimen104
\page@free=\dimen105
\premulticols=\dimen106
\postmulticols=\dimen107
\multicolsep=\skip43
\multicolbaselineskip=\skip44
\partial@page=\box27
\last@line=\box28
\mult@rightbox=\box29
\mult@grightbox=\box30
\mult@gfirstbox=\box31
\mult@firstbox=\box32
\@tempa=\box33
\@tempa=\box34
\@tempa=\box35
\@tempa=\box36
\@tempa=\box37
\@tempa=\box38
\@tempa=\box39
\@tempa=\box40
\@tempa=\box41
\@tempa=\box42
\@tempa=\box43
\@tempa=\box44
\@tempa=\box45
\@tempa=\box46
\@tempa=\box47
\@tempa=\box48
\@tempa=\box49
\c@columnbadness=\count93
\c@finalcolumnbadness=\count94
\last@try=\dimen108
\multicolovershoot=\dimen109
\multicolundershoot=\dimen110
\mult@nat@firstbox=\box50
\colbreak@box=\box51
)
(/usr/share/texmf/tex/latex/preprint/fullpage.sty
Package: fullpage 1999/02/23 1.1 (PWD)
\FP@margin=\skip45
)
(/aa/fowler/texmf/tex/latex/html/html.sty
(/usr/share/texmf/tex/latex/hyperref/hyperref.sty
Package: hyperref 2003/11/30 v6.74m Hypertext links for LaTeX

(/usr/share/texmf/tex/latex/graphics/keyval.sty
Package: keyval 1999/03/16 v1.13 key=value parser (DPC)
\KV@toks@=\toks14
)
\@linkdim=\dimen111
\Hy@linkcounter=\count95
\Hy@pagecounter=\count96

(/usr/share/texmf/tex/latex/hyperref/pd1enc.def
File: pd1enc.def 2003/11/30 v6.74m Hyperref: PDFDocEncoding definition (HO)
)
(/usr/share/texmf/tex/latex/hyperref/hyperref.cfg
File: hyperref.cfg 2002/06/06 v1.2 hyperref configuration of TeXLive and teTeX
)
Package hyperref Info: Hyper figures OFF on input line 1880.
Package hyperref Info: Link nesting OFF on input line 1885.
Package hyperref Info: Hyper index ON on input line 1888.
Package hyperref Info: Plain pages ON on input line 1893.
Package hyperref Info: Backreferencing OFF on input line 1900.

Implicit mode ON; LaTeX internals redefined
Package hyperref Info: Bookmarks ON on input line 2004.
(/aa/fowler/texmf/tex/latex/html/url.sty
Package: url 1999/03/02  ver 1.4  Verb mode for urls, email addresses, and file
 names
)
LaTeX Info: Redefining \url on input line 2143.
\Fld@menulength=\count97
\Field@Width=\dimen112
\Fld@charsize=\dimen113
\Choice@toks=\toks15
\Field@toks=\toks16
Package hyperref Info: Hyper figures OFF on input line 2618.
Package hyperref Info: Link nesting OFF on input line 2623.
Package hyperref Info: Hyper index ON on input line 2626.
Package hyperref Info: backreferencing OFF on input line 2633.
Package hyperref Info: Link coloring OFF on input line 2638.
\c@Item=\count98
\c@Hfootnote=\count99
)
*hyperref using default driver hpdftex*
(/usr/share/texmf/tex/latex/hyperref/hpdftex.def
File: hpdftex.def 2003/11/30 v6.74m Hyperref driver for pdfTeX

(/usr/share/texmf/tex/latex/psnfss/pifont.sty
Package: pifont 2004/09/15 PSNFSS-v9.2 Pi font support (SPQR) 
LaTeX Font Info:    Try loading font information for U+pzd on input line 63.

(/usr/share/texmf/tex/latex/psnfss/upzd.fd
File: upzd.fd 2001/06/04 font definitions for U/pzd.
)
LaTeX Font Info:    Try loading font information for U+psy on input line 64.

(/usr/share/texmf/tex/latex/psnfss/upsy.fd
File: upsy.fd 2001/06/04 font definitions for U/psy.
))
\Fld@listcount=\count100
\@outlinefile=\write3
)
Package: html 1999/07/19 v1.38 hypertext commands for latex2html (nd, hws, rrm)

\c@lpart=\count101
\c@lchapter=\count102
\c@chapter=\count103
\c@lsection=\count104
\c@lsubsection=\count105
\c@lsubsubsection=\count106
\c@lparagraph=\count107
\c@lsubparagraph=\count108
\c@lsubsubparagraph=\count109
\ptrfile=\write4
) (./syllabus.aux)
\openout1 = `syllabus.aux'.

LaTeX Font Info:    Checking defaults for OML/cmm/m/it on input line 23.
LaTeX Font Info:    ... okay on input line 23.
LaTeX Font Info:    Checking defaults for T1/cmr/m/n on input line 23.
LaTeX Font Info:    ... okay on input line 23.
LaTeX Font Info:    Checking defaults for OT1/cmr/m/n on input line 23.
LaTeX Font Info:    ... okay on input line 23.
LaTeX Font Info:    Checking defaults for OMS/cmsy/m/n on input line 23.
LaTeX Font Info:    ... okay on input line 23.
LaTeX Font Info:    Checking defaults for OMX/cmex/m/n on input line 23.
LaTeX Font Info:    ... okay on input line 23.
LaTeX Font Info:    Checking defaults for U/cmr/m/n on input line 23.
LaTeX Font Info:    ... okay on input line 23.
LaTeX Font Info:    Checking defaults for PD1/pdf/m/n on input line 23.
LaTeX Font Info:    ... okay on input line 23.
Package hyperref Info: Link coloring OFF on input line 23.

(/usr/share/texmf/tex/latex/hyperref/nameref.sty
Package: nameref 2003/12/03 v2.21 Cross-referencing by name of section
\c@section@level=\count110
)
LaTeX Info: Redefining \ref on input line 23.
LaTeX Info: Redefining \pageref on input line 23.
 (./syllabus.out)
(./syllabus.out)
\openout3 = `syllabus.out'.

LaTeX Font Info:    External font `cmex10' loaded for size
(Font)              <12> on input line 48.
LaTeX Font Info:    External font `cmex10' loaded for size
(Font)              <8> on input line 48.
LaTeX Font Info:    External font `cmex10' loaded for size
(Font)              <6> on input line 48.

Overfull \hbox (12.77586pt too wide) in paragraph at lines 55--60
[][] 
 []

LaTeX Font Info:    Try loading font information for OMS+cmr on input line 82.
(/usr/share/texmf/tex/latex/base/omscmr.fd
File: omscmr.fd 1999/05/25 v2.5h Standard LaTeX font definitions
)
LaTeX Font Info:    Font shape `OMS/cmr/m/n' in size <12> not available
(Font)              Font shape `OMS/cmsy/m/n' tried instead on input line 82.
 [1

{/usr/share/texmf-var/fonts/map/pdftex/updmap/pdftex.map}] [2] (./syllabus.aux)
 ) 
Here is how much of TeX's memory you used:
 2300 strings out of 94499
 31241 string characters out of 1176709
 84742 words of memory out of 1000000
 5469 multiletter control sequences out of 10000+50000
 9707 words of font info for 34 fonts, out of 500000 for 2000
 580 hyphenation exceptions out of 1000
 34i,6n,23p,204b,208s stack positions out of 1500i,500n,5000p,200000b,5000s
PDF statistics:
 49 PDF objects out of 300000
 16 named destinations out of 131072
 17 words of extra memory for PDF output out of 65536
</usr/share/texmf/fonts/type1/bluesky/cm/cmsy10.pfb></usr/share/texmf/fonts/t
ype1/bluesky/cm/cmti12.pfb></usr/share/texmf/fonts/type1/bluesky/cm/cmcsc10.pfb
></usr/share/texmf/fonts/type1/bluesky/cm/cmtt12.pfb></usr/share/texmf/fonts/ty
pe1/bluesky/cm/cmbx12.pfb></usr/share/texmf/fonts/type1/bluesky/cm/cmr12.pfb></
usr/share/texmf/fonts/type1/bluesky/cm/cmss17.pfb>
Output written on syllabus.pdf (2 pages, 57681 bytes).
