This is pdfTeXk, Version 3.141592-1.40.3 (Web2C 7.5.6) (format=latex 2008.6.23)  6 OCT 2008 10:47
entering extended mode
 %&-line parsing enabled.
**./images.tex
(./images.tex
LaTeX2e <2005/12/01>
Babel <v3.8h> and hyphenation patterns for english, usenglishmax, dumylang, noh
yphenation, arabic, basque, bulgarian, coptic, welsh, czech, slovak, german, ng
erman, danish, esperanto, spanish, catalan, galician, estonian, farsi, finnish,
 french, greek, monogreek, ancientgreek, croatian, hungarian, interlingua, ibyc
us, indonesian, icelandic, italian, latin, mongolian, dutch, norsk, polish, por
tuguese, pinyin, romanian, russian, slovenian, uppersorbian, serbian, swedish, 
turkish, ukenglish, ukrainian, loaded.

(/usr/share/texmf/tex/latex/base/article.cls
Document Class: article 2005/09/16 v1.4f Standard LaTeX document class
(/usr/share/texmf/tex/latex/base/size12.clo
File: size12.clo 2005/09/16 v1.4f Standard LaTeX file (size option)
)
\c@part=\count79
\c@section=\count80
\c@subsection=\count81
\c@subsubsection=\count82
\c@paragraph=\count83
\c@subparagraph=\count84
\c@figure=\count85
\c@table=\count86
\abovecaptionskip=\skip41
\belowcaptionskip=\skip42
\bibindent=\dimen102
) (/usr/share/texmf/tex/latex/base/ifthen.sty
Package: ifthen 2001/05/26 v1.1c Standard LaTeX ifthen package (DPC)
) (/usr/share/texmf/tex/latex/preprint/fullpage.sty
Package: fullpage 1999/02/23 1.1 (PWD)
\FP@margin=\skip43
) (/usr/share/texmf/tex/latex/amscls/amsthm.sty
Package: amsthm 2004/08/06 v2.20
\thm@style=\toks14
\thm@bodyfont=\toks15
\thm@headfont=\toks16
\thm@notefont=\toks17
\thm@headpunct=\toks18
\thm@preskip=\skip44
\thm@postskip=\skip45
\thm@headsep=\skip46
\dth@everypar=\toks19
) (/usr/share/texmf/tex/latex/amsmath/amsmath.sty
Package: amsmath 2000/07/18 v2.13 AMS math features
\@mathmargin=\skip47
For additional information on amsmath, use the `?' option.
(/usr/share/texmf/tex/latex/amsmath/amstext.sty
Package: amstext 2000/06/29 v2.01
(/usr/share/texmf/tex/latex/amsmath/amsgen.sty
File: amsgen.sty 1999/11/30 v2.0
\@emptytoks=\toks20
\ex@=\dimen103
)) (/usr/share/texmf/tex/latex/amsmath/amsbsy.sty
Package: amsbsy 1999/11/29 v1.2d
\pmbraise@=\dimen104
) (/usr/share/texmf/tex/latex/amsmath/amsopn.sty
Package: amsopn 1999/12/14 v2.01 operator names
)
\inf@bad=\count87
LaTeX Info: Redefining \frac on input line 211.
\uproot@=\count88
\leftroot@=\count89
LaTeX Info: Redefining \overline on input line 307.
\classnum@=\count90
\DOTSCASE@=\count91
LaTeX Info: Redefining \ldots on input line 379.
LaTeX Info: Redefining \dots on input line 382.
LaTeX Info: Redefining \cdots on input line 467.
\Mathstrutbox@=\box26
\strutbox@=\box27
\big@size=\dimen105
LaTeX Font Info:    Redeclaring font encoding OML on input line 567.
LaTeX Font Info:    Redeclaring font encoding OMS on input line 568.
\macc@depth=\count92
\c@MaxMatrixCols=\count93
\dotsspace@=\muskip10
\c@parentequation=\count94
\dspbrk@lvl=\count95
\tag@help=\toks21
\row@=\count96
\column@=\count97
\maxfields@=\count98
\andhelp@=\toks22
\eqnshift@=\dimen106
\alignsep@=\dimen107
\tagshift@=\dimen108
\tagwidth@=\dimen109
\totwidth@=\dimen110
\lineht@=\dimen111
\@envbody=\toks23
\multlinegap=\skip48
\multlinetaggap=\skip49
\mathdisplay@stack=\toks24
LaTeX Info: Redefining \[ on input line 2666.
LaTeX Info: Redefining \] on input line 2667.
) (/usr/share/texmf/tex/latex/amsfonts/amssymb.sty
Package: amssymb 2002/01/22 v2.2d
(/usr/share/texmf/tex/latex/amsfonts/amsfonts.sty
Package: amsfonts 2001/10/25 v2.2f
\symAMSa=\mathgroup4
\symAMSb=\mathgroup5
LaTeX Font Info:    Overwriting math alphabet `\mathfrak' in version `bold'
(Font)                  U/euf/m/n --> U/euf/b/n on input line 132.
))
\c@example=\count99
\c@thm=\count100
(/usr/share/texmf/tex/latex/graphics/color.sty
Package: color 2005/11/14 v1.0j Standard LaTeX Color (DPC)
(/usr/share/texmf/tex/latex/config/color.cfg
File: color.cfg 2007/01/18 v1.5 color configuration of teTeX/TeXLive
)
Package color Info: Driver file: dvips.def on input line 130.
(/usr/share/texmf/tex/latex/graphics/dvips.def
File: dvips.def 1999/02/16 v3.0i Driver-dependant file (DPC,SPQR)
) (/usr/share/texmf/tex/latex/graphics/dvipsnam.def
File: dvipsnam.def 1999/02/16 v3.0i Driver-dependant file (DPC,SPQR)
)) (/usr/share/texmf/tex/latex/base/inputenc.sty
Package: inputenc 2006/05/05 v1.1b Input encoding file
\inpenc@prehook=\toks25
\inpenc@posthook=\toks26
)
\sizebox=\box28
\lthtmlwrite=\write3
(./images.aux)
\openout1 = `images.aux'.

LaTeX Font Info:    Checking defaults for OML/cmm/m/it on input line 150.
LaTeX Font Info:    ... okay on input line 150.
LaTeX Font Info:    Checking defaults for T1/cmr/m/n on input line 150.
LaTeX Font Info:    ... okay on input line 150.
LaTeX Font Info:    Checking defaults for OT1/cmr/m/n on input line 150.
LaTeX Font Info:    ... okay on input line 150.
LaTeX Font Info:    Checking defaults for OMS/cmsy/m/n on input line 150.
LaTeX Font Info:    ... okay on input line 150.
LaTeX Font Info:    Checking defaults for OMX/cmex/m/n on input line 150.
LaTeX Font Info:    ... okay on input line 150.
LaTeX Font Info:    Checking defaults for U/cmr/m/n on input line 150.
LaTeX Font Info:    ... okay on input line 150.

latex2htmlLength hsize=349.0pt

latex2htmlLength vsize=650.43001pt

latex2htmlLength hoffset=0.0pt

latex2htmlLength voffset=0.0pt

latex2htmlLength topmargin=0.0pt

latex2htmlLength topskip=0.00003pt

latex2htmlLength headheight=0.0pt

latex2htmlLength headsep=0.0pt

latex2htmlLength parskip=0.0pt plus 1.0pt

latex2htmlLength oddsidemargin=0.0pt

latex2htmlLength evensidemargin=0.0pt

LaTeX Font Info:    Try loading font information for U+msa on input line 175.
(/usr/share/texmf/tex/latex/amsfonts/umsa.fd
File: umsa.fd 2002/01/19 v2.2g AMS font definitions
)
LaTeX Font Info:    Try loading font information for U+msb on input line 175.
(/usr/share/texmf/tex/latex/amsfonts/umsb.fd
File: umsb.fd 2002/01/19 v2.2g AMS font definitions
)
l2hSize :tex2html_wrap_inline242:8.83331pt::8.83331pt::77.18967pt.
[1



]
l2hSize :tex2html_wrap_inline244:8.25pt::8.25pt::27.01222pt.
[2


]
l2hSize :tex2html_wrap_inline246:8.2pt::0.0pt::11.44577pt.
[3


]
l2hSize :tex2html_wrap_inline248:8.7pt::8.7pt::34.4595pt.
[4


]
l2hSize :tex2html_wrap_inline250:9.5pt::9.5pt::62.2904pt.
[5


]
l2hSize :tex2html_wrap_inline253:9.5pt::9.5pt::58.2229pt.
[6


]
l2hSize :tex2html_wrap_inline258:8.83331pt::8.83331pt::81.81606pt.
[7


]
l2hSize :tex2html_wrap_inline260:8.2pt::0.0pt::37.00801pt.
[8


]
l2hSize :tex2html_wrap_inline264:8.76666pt::8.76666pt::34.19846pt.
[9


]
l2hSize :tex2html_wrap_inline266:8.83331pt::8.83331pt::91.31949pt.
[10


]
l2hSize :tex2html_wrap_inline269:8.25pt::8.25pt::33.18587pt.
[11


]
l2hSize :tex2html_wrap_inline271:9.5pt::9.5pt::100.70232pt.
[12


]
l2hSize :tex2html_wrap_inline273:11.38661pt::11.38661pt::62.41255pt.
[13


]
l2hSize :tex2html_wrap_inline275:9.5pt::9.5pt::52.32465pt.
[14


]
l2hSize :tex2html_wrap_inline277:9.5pt::9.5pt::92.41086pt.
[15


]
l2hSize :tex2html_wrap_inline279:8.83331pt::8.83331pt::52.41252pt.
[16


]
l2hSize :tex2html_wrap_inline283:9.5pt::9.5pt::107.42459pt.
[17


]
l2hSize :tex2html_wrap_inline286:8.83331pt::8.83331pt::54.53195pt.
[18


]
l2hSize :tex2html_wrap_inline288:8.83331pt::8.83331pt::57.98611pt.
[19


]
l2hSize :tex2html_wrap_inline290:9.5pt::9.5pt::113.88885pt.
[20


]
l2hSize :tex2html_wrap_inline294:9.5pt::9.5pt::89.1177pt.
[21


]
l2hSize :tex2html_wrap_inline300:9.5pt::9.5pt::102.27795pt.
[22


]
l2hSize :tex2html_wrap_inline307:8.83331pt::8.83331pt::65.7804pt.
[23


]
l2hSize :tex2html_wrap_inline309:8.83331pt::8.83331pt::99.3709pt.
[24


]
l2hSize :tex2html_wrap_inline311:8.83331pt::8.83331pt::53.35973pt.
[25


]
l2hSize :tex2html_wrap_inline313:10.01027pt::10.01027pt::86.75853pt.
[26


]
l2hSize :tex2html_wrap_inline317:8.83331pt::8.83331pt::53.59077pt.
[27


]
l2hSize :tex2html_wrap_inline319:8.2pt::0.0pt::8.5819pt.
[28


]
l2hSize :tex2html_wrap_inline323:9.5pt::9.5pt::86.95526pt.
[29


]
l2hSize :tex2html_wrap_inline325:8.83331pt::8.83331pt::7.66039pt.
[30


] (./images.aux) ) 
Here is how much of TeX's memory you used:
 1610 strings out of 94074
 18724 string characters out of 1167107
 62835 words of memory out of 1500000
 4909 multiletter control sequences out of 10000+50000
 8294 words of font info for 32 fonts, out of 1200000 for 2000
 645 hyphenation exceptions out of 8191
 27i,5n,24p,204b,151s stack positions out of 5000i,500n,6000p,200000b,10000s

Output written on images.dvi (30 pages, 7164 bytes).
